========================================= 
[Tue 02/24/2026 11:06:43.80] BAT DAU PIPELINE 
Traceback (most recent call last):
  File "C:\Users\User\AppData\Local\Programs\Python\Python310\lib\runpy.py", line 196, in _run_module_as_main
    return _run_code(code, main_globals, None,
  File "C:\Users\User\AppData\Local\Programs\Python\Python310\lib\runpy.py", line 86, in _run_code
    exec(code, run_globals)
  File "D:\Python\realtime_estimate_tracker\src\data_loader\spider.py", line 93, in <module>
    data = run_crawler(pages=10)
  File "D:\Python\realtime_estimate_tracker\src\data_loader\spider.py", line 50, in run_crawler
    driver = init_driver()
  File "D:\Python\realtime_estimate_tracker\src\data_loader\browser.py", line 65, in init_driver
    print("[Browser] \u0110ang kh\u1edfi t\u1ea1o tržnh duy\u1ec7t...")
  File "C:\Users\User\AppData\Local\Programs\Python\Python310\lib\encodings\cp1252.py", line 19, in encode
    return codecs.charmap_encode(input,self.errors,encoding_table)[0]
UnicodeEncodeError: 'charmap' codec can't encode character '\u0110' in position 10: character maps to <undefined>
[Tue 02/24/2026 11:06:44.99] LOI: Spider that bai. Dung pipeline. 
[Tue 02/24/2026 11:06:45.01] PIPELINE DUNG DO LOI 
========================================= 
[Tue 02/24/2026 11:18:08.98] BAT DAU PIPELINE 
[Browser] ńźang khŠĽüi tŠļ°o tr√¨nh duyŠĽát...
Ph√°t hiŠĽán Chrome (Windows): Version 139
[Spider] ńźang c√†o trang 1/10: https://batdongsan.com.vn/nha-dat-ban-ha-dong
[Spider] ńźang c√†o trang 2/10: https://batdongsan.com.vn/nha-dat-ban-ha-dong/p2
[Spider] ńźang c√†o trang 3/10: https://batdongsan.com.vn/nha-dat-ban-ha-dong/p3
[Spider] ńźang c√†o trang 4/10: https://batdongsan.com.vn/nha-dat-ban-ha-dong/p4
[Spider] ńźang c√†o trang 5/10: https://batdongsan.com.vn/nha-dat-ban-ha-dong/p5
[Spider] ńźang c√†o trang 6/10: https://batdongsan.com.vn/nha-dat-ban-ha-dong/p6
[Spider] ńźang c√†o trang 7/10: https://batdongsan.com.vn/nha-dat-ban-ha-dong/p7
[Spider] ńźang c√†o trang 8/10: https://batdongsan.com.vn/nha-dat-ban-ha-dong/p8
[Spider] ńźang c√†o trang 9/10: https://batdongsan.com.vn/nha-dat-ban-ha-dong/p9
[Spider] ńźang c√†o trang 10/10: https://batdongsan.com.vn/nha-dat-ban-ha-dong/p10
[Spider] ńź√£ l∆įu 132 d√≤ng v√†o: D:\Python\realtime_estimate_tracker\data\batdongsan_data.csv
ńźang ńĎŠĽćc dŠĽĮ liŠĽáu th√ī...
TŠĽēng sŠĽĎ d√≤ng th√ī: 19963
ūüß† ńźang √°p dŠĽ•ng NLP tr√≠ch xuŠļ•t ńźŠļ∑c tr∆įng & Ph√Ęn loŠļ°i...
‚úÖ GiŠĽĮ lŠļ°i 9000/19963 tin hŠĽ£p lŠĽá.
‚úÖ GiŠĽĮ lŠļ°i 8972/19963 tin hŠĽ£p lŠĽá.
‚úÖ ńź√£ kŠļŅt nŠĽĎi th√†nh c√īng tŠĽõi PostgreSQL.
ńźang thŠĽĪc hiŠĽán Upsert dŠĽĮ liŠĽáu v√†o PostgreSQL...
‚úÖ Ho√†n tŠļ•t Pipeline ETL.
ūüĒĄ ńźang lŠļ•y dŠĽĮ liŠĽáu tŠĽę PostgreSQL...
‚úÖ ńź√£ kŠļŅt nŠĽĎi th√†nh c√īng tŠĽõi PostgreSQL.
‚úÖ ńź√£ tŠļ£i 10461 bŠļ£n ghi ńĎŠĽÉ huŠļ•n luyŠĽán.
ūüß† ńźang chia tŠļ≠p dŠĽĮ liŠĽáu v√† thiŠļŅt lŠļ≠p Cross-Validation...
‚Ź≥ ńźang huŠļ•n luyŠĽán (T√¨m kiŠļŅm si√™u tham sŠĽĎ tŠĽĎi ∆įu)...
Fitting 3 folds for each of 12 candidates, totalling 36 fits
‚úÖ Tham sŠĽĎ tŠĽĎi ∆įu: {'max_depth': None, 'min_samples_split': 2, 'n_estimators': 200}
ūüďä MAE cŠĽßa Challenger Model: 3.0464 TŠĽ∑ VNńź
ūü•ä ńźang so s√°nh... Champion MAE: 3.3729 vs Challenger MAE: 3.0464
ūüŹÜ Challenger chiŠļŅn thŠļĮng! CŠļ≠p nhŠļ≠t m√ī h√¨nh mŠĽõi v√†o hŠĽá thŠĽĎng.
ūüíĺ ńź√£ l∆įu tŠļ°i: D:\Python\realtime_estimate_tracker\data\house_price_model.pkl
[main b252a5c] Auto-update: Tue 02/24/2026 11:26:55.78
 3 files changed, 2461 insertions(+), 1506 deletions(-)
To https://github.com/Alexus143/hanoi-house-price-prediction.git
   db9dfd2..b252a5c  main -> main
========================================= 
[Tue 02/24/2026 11:30:19.26] BAT DAU PIPELINE 
[Browser] ńźang khŠĽüi tŠļ°o tr√¨nh duyŠĽát...
Ph√°t hiŠĽán Chrome (Windows): Version 139
[Spider] ńźang c√†o trang 1/100: https://batdongsan.com.vn/nha-dat-ban-ha-dong
[Spider] ńźang c√†o trang 2/100: https://batdongsan.com.vn/nha-dat-ban-ha-dong/p2
[Spider] ńźang c√†o trang 3/100: https://batdongsan.com.vn/nha-dat-ban-ha-dong/p3
[Spider] ńźang c√†o trang 4/100: https://batdongsan.com.vn/nha-dat-ban-ha-dong/p4
[Spider] ńźang c√†o trang 5/100: https://batdongsan.com.vn/nha-dat-ban-ha-dong/p5
[Spider] ńźang c√†o trang 6/100: https://batdongsan.com.vn/nha-dat-ban-ha-dong/p6
[Spider] ńźang c√†o trang 7/100: https://batdongsan.com.vn/nha-dat-ban-ha-dong/p7
[Spider] ńźang c√†o trang 8/100: https://batdongsan.com.vn/nha-dat-ban-ha-dong/p8
[Spider] ńźang c√†o trang 9/100: https://batdongsan.com.vn/nha-dat-ban-ha-dong/p9
[Spider] ńźang c√†o trang 10/100: https://batdongsan.com.vn/nha-dat-ban-ha-dong/p10
[Spider] ńźang c√†o trang 11/100: https://batdongsan.com.vn/nha-dat-ban-ha-dong/p11
[Spider] ńźang c√†o trang 12/100: https://batdongsan.com.vn/nha-dat-ban-ha-dong/p12
[Spider] ńźang c√†o trang 13/100: https://batdongsan.com.vn/nha-dat-ban-ha-dong/p13
[Spider] ńźang c√†o trang 14/100: https://batdongsan.com.vn/nha-dat-ban-ha-dong/p14
[Spider] ńźang c√†o trang 15/100: https://batdongsan.com.vn/nha-dat-ban-ha-dong/p15
[Spider] ńźang c√†o trang 16/100: https://batdongsan.com.vn/nha-dat-ban-ha-dong/p16
[Spider] ńźang c√†o trang 17/100: https://batdongsan.com.vn/nha-dat-ban-ha-dong/p17
[Spider] ńźang c√†o trang 18/100: https://batdongsan.com.vn/nha-dat-ban-ha-dong/p18
[Spider] ńźang c√†o trang 19/100: https://batdongsan.com.vn/nha-dat-ban-ha-dong/p19
[Spider] ńźang c√†o trang 20/100: https://batdongsan.com.vn/nha-dat-ban-ha-dong/p20
[Spider] ńźang c√†o trang 21/100: https://batdongsan.com.vn/nha-dat-ban-ha-dong/p21
[Spider] ńźang c√†o trang 22/100: https://batdongsan.com.vn/nha-dat-ban-ha-dong/p22
[Spider] ńźang c√†o trang 23/100: https://batdongsan.com.vn/nha-dat-ban-ha-dong/p23
[Spider] ńźang c√†o trang 24/100: https://batdongsan.com.vn/nha-dat-ban-ha-dong/p24
[Spider] ńźang c√†o trang 25/100: https://batdongsan.com.vn/nha-dat-ban-ha-dong/p25
[Spider] ńźang c√†o trang 26/100: https://batdongsan.com.vn/nha-dat-ban-ha-dong/p26
[Spider] ńźang c√†o trang 27/100: https://batdongsan.com.vn/nha-dat-ban-ha-dong/p27
[Spider] ńźang c√†o trang 28/100: https://batdongsan.com.vn/nha-dat-ban-ha-dong/p28
[Spider] ńźang c√†o trang 29/100: https://batdongsan.com.vn/nha-dat-ban-ha-dong/p29
[Spider] ńźang c√†o trang 30/100: https://batdongsan.com.vn/nha-dat-ban-ha-dong/p30
[Spider] ńźang c√†o trang 31/100: https://batdongsan.com.vn/nha-dat-ban-ha-dong/p31
[Spider] ńźang c√†o trang 32/100: https://batdongsan.com.vn/nha-dat-ban-ha-dong/p32
[Spider] ńźang c√†o trang 33/100: https://batdongsan.com.vn/nha-dat-ban-ha-dong/p33
[Spider] ńźang c√†o trang 34/100: https://batdongsan.com.vn/nha-dat-ban-ha-dong/p34
[Spider] ńźang c√†o trang 35/100: https://batdongsan.com.vn/nha-dat-ban-ha-dong/p35
[Spider] ńźang c√†o trang 36/100: https://batdongsan.com.vn/nha-dat-ban-ha-dong/p36
[Spider] ńźang c√†o trang 37/100: https://batdongsan.com.vn/nha-dat-ban-ha-dong/p37
[Spider] ńźang c√†o trang 38/100: https://batdongsan.com.vn/nha-dat-ban-ha-dong/p38
[Spider] ńźang c√†o trang 39/100: https://batdongsan.com.vn/nha-dat-ban-ha-dong/p39
[Spider] ńźang c√†o trang 40/100: https://batdongsan.com.vn/nha-dat-ban-ha-dong/p40
[Spider] ńźang c√†o trang 41/100: https://batdongsan.com.vn/nha-dat-ban-ha-dong/p41
[Spider] ńźang c√†o trang 42/100: https://batdongsan.com.vn/nha-dat-ban-ha-dong/p42
[Spider] ńźang c√†o trang 43/100: https://batdongsan.com.vn/nha-dat-ban-ha-dong/p43
[Spider] ńźang c√†o trang 44/100: https://batdongsan.com.vn/nha-dat-ban-ha-dong/p44
[Spider] ńźang c√†o trang 45/100: https://batdongsan.com.vn/nha-dat-ban-ha-dong/p45
[Spider] ńźang c√†o trang 46/100: https://batdongsan.com.vn/nha-dat-ban-ha-dong/p46
[Spider] ńźang c√†o trang 47/100: https://batdongsan.com.vn/nha-dat-ban-ha-dong/p47
[Spider] ńźang c√†o trang 48/100: https://batdongsan.com.vn/nha-dat-ban-ha-dong/p48
[Spider] ńźang c√†o trang 49/100: https://batdongsan.com.vn/nha-dat-ban-ha-dong/p49
[Spider] ńźang c√†o trang 50/100: https://batdongsan.com.vn/nha-dat-ban-ha-dong/p50
[Spider] ńźang c√†o trang 51/100: https://batdongsan.com.vn/nha-dat-ban-ha-dong/p51
[Spider] ńźang c√†o trang 52/100: https://batdongsan.com.vn/nha-dat-ban-ha-dong/p52
[Spider] ńźang c√†o trang 53/100: https://batdongsan.com.vn/nha-dat-ban-ha-dong/p53
[Spider] ńźang c√†o trang 54/100: https://batdongsan.com.vn/nha-dat-ban-ha-dong/p54
[Spider] ńźang c√†o trang 55/100: https://batdongsan.com.vn/nha-dat-ban-ha-dong/p55
[Spider] ńźang c√†o trang 56/100: https://batdongsan.com.vn/nha-dat-ban-ha-dong/p56
[Spider] ńźang c√†o trang 57/100: https://batdongsan.com.vn/nha-dat-ban-ha-dong/p57
[Spider] ńźang c√†o trang 58/100: https://batdongsan.com.vn/nha-dat-ban-ha-dong/p58
[Spider] ńźang c√†o trang 59/100: https://batdongsan.com.vn/nha-dat-ban-ha-dong/p59
[Spider] ńźang c√†o trang 60/100: https://batdongsan.com.vn/nha-dat-ban-ha-dong/p60
[Spider] ńźang c√†o trang 61/100: https://batdongsan.com.vn/nha-dat-ban-ha-dong/p61
[Spider] ńźang c√†o trang 62/100: https://batdongsan.com.vn/nha-dat-ban-ha-dong/p62
[Spider] ńźang c√†o trang 63/100: https://batdongsan.com.vn/nha-dat-ban-ha-dong/p63
[Spider] ńźang c√†o trang 64/100: https://batdongsan.com.vn/nha-dat-ban-ha-dong/p64
[Spider] ńźang c√†o trang 65/100: https://batdongsan.com.vn/nha-dat-ban-ha-dong/p65
[Spider] ńźang c√†o trang 66/100: https://batdongsan.com.vn/nha-dat-ban-ha-dong/p66
[Spider] ńźang c√†o trang 67/100: https://batdongsan.com.vn/nha-dat-ban-ha-dong/p67
[Spider] ńźang c√†o trang 68/100: https://batdongsan.com.vn/nha-dat-ban-ha-dong/p68
[Spider] ńźang c√†o trang 69/100: https://batdongsan.com.vn/nha-dat-ban-ha-dong/p69
[Spider] ńźang c√†o trang 70/100: https://batdongsan.com.vn/nha-dat-ban-ha-dong/p70
[Spider] ńźang c√†o trang 71/100: https://batdongsan.com.vn/nha-dat-ban-ha-dong/p71
[Spider] ńźang c√†o trang 72/100: https://batdongsan.com.vn/nha-dat-ban-ha-dong/p72
[Spider] ńźang c√†o trang 73/100: https://batdongsan.com.vn/nha-dat-ban-ha-dong/p73
[Spider] ńźang c√†o trang 74/100: https://batdongsan.com.vn/nha-dat-ban-ha-dong/p74
[Spider] ńźang c√†o trang 75/100: https://batdongsan.com.vn/nha-dat-ban-ha-dong/p75
[Spider] ńźang c√†o trang 76/100: https://batdongsan.com.vn/nha-dat-ban-ha-dong/p76
[Spider] ńźang c√†o trang 77/100: https://batdongsan.com.vn/nha-dat-ban-ha-dong/p77
[Spider] ńźang c√†o trang 78/100: https://batdongsan.com.vn/nha-dat-ban-ha-dong/p78
[Spider] ńźang c√†o trang 79/100: https://batdongsan.com.vn/nha-dat-ban-ha-dong/p79
[Spider] ńźang c√†o trang 80/100: https://batdongsan.com.vn/nha-dat-ban-ha-dong/p80
[Spider] ńźang c√†o trang 81/100: https://batdongsan.com.vn/nha-dat-ban-ha-dong/p81
[Spider] ńźang c√†o trang 82/100: https://batdongsan.com.vn/nha-dat-ban-ha-dong/p82
[Spider] ńźang c√†o trang 83/100: https://batdongsan.com.vn/nha-dat-ban-ha-dong/p83
[Spider] ńźang c√†o trang 84/100: https://batdongsan.com.vn/nha-dat-ban-ha-dong/p84
[Spider] ńźang c√†o trang 85/100: https://batdongsan.com.vn/nha-dat-ban-ha-dong/p85
[Spider] ńźang c√†o trang 86/100: https://batdongsan.com.vn/nha-dat-ban-ha-dong/p86
[Spider] ńźang c√†o trang 87/100: https://batdongsan.com.vn/nha-dat-ban-ha-dong/p87
[Spider] ńźang c√†o trang 88/100: https://batdongsan.com.vn/nha-dat-ban-ha-dong/p88
[Spider] ńźang c√†o trang 89/100: https://batdongsan.com.vn/nha-dat-ban-ha-dong/p89
[Spider] ńźang c√†o trang 90/100: https://batdongsan.com.vn/nha-dat-ban-ha-dong/p90
[Spider] ńźang c√†o trang 91/100: https://batdongsan.com.vn/nha-dat-ban-ha-dong/p91
[Spider] ńźang c√†o trang 92/100: https://batdongsan.com.vn/nha-dat-ban-ha-dong/p92
[Spider] ńźang c√†o trang 93/100: https://batdongsan.com.vn/nha-dat-ban-ha-dong/p93
[Spider] ńźang c√†o trang 94/100: https://batdongsan.com.vn/nha-dat-ban-ha-dong/p94
[Spider] ńźang c√†o trang 95/100: https://batdongsan.com.vn/nha-dat-ban-ha-dong/p95
[Spider] ńźang c√†o trang 96/100: https://batdongsan.com.vn/nha-dat-ban-ha-dong/p96
[Spider] ńźang c√†o trang 97/100: https://batdongsan.com.vn/nha-dat-ban-ha-dong/p97
[Spider] ńźang c√†o trang 98/100: https://batdongsan.com.vn/nha-dat-ban-ha-dong/p98
[Spider] ńźang c√†o trang 99/100: https://batdongsan.com.vn/nha-dat-ban-ha-dong/p99
[Spider] ńźang c√†o trang 100/100: https://batdongsan.com.vn/nha-dat-ban-ha-dong/p100
[Spider] ńź√£ l∆įu 2134 d√≤ng v√†o: D:\Python\realtime_estimate_tracker\data\batdongsan_data.csv
ńźang ńĎŠĽćc dŠĽĮ liŠĽáu th√ī...
TŠĽēng sŠĽĎ d√≤ng th√ī: 22097
ūüß† ńźang √°p dŠĽ•ng NLP tr√≠ch xuŠļ•t ńźŠļ∑c tr∆įng & Ph√Ęn loŠļ°i...
‚úÖ GiŠĽĮ lŠļ°i 9354/22097 tin hŠĽ£p lŠĽá.
‚úÖ GiŠĽĮ lŠļ°i 9326/22097 tin hŠĽ£p lŠĽá.
‚úÖ ńź√£ kŠļŅt nŠĽĎi th√†nh c√īng tŠĽõi PostgreSQL.
ńźang thŠĽĪc hiŠĽán Upsert dŠĽĮ liŠĽáu v√†o PostgreSQL...
‚úÖ Ho√†n tŠļ•t Pipeline ETL.
ūüĒĄ ńźang lŠļ•y dŠĽĮ liŠĽáu tŠĽę PostgreSQL...
‚úÖ ńź√£ kŠļŅt nŠĽĎi th√†nh c√īng tŠĽõi PostgreSQL.
‚úÖ ńź√£ tŠļ£i 10815 bŠļ£n ghi ńĎŠĽÉ huŠļ•n luyŠĽán.
ūüß† ńźang chia tŠļ≠p dŠĽĮ liŠĽáu v√† thiŠļŅt lŠļ≠p Cross-Validation...
‚Ź≥ ńźang huŠļ•n luyŠĽán (T√¨m kiŠļŅm si√™u tham sŠĽĎ tŠĽĎi ∆įu)...
Fitting 3 folds for each of 12 candidates, totalling 36 fits
‚úÖ Tham sŠĽĎ tŠĽĎi ∆įu: {'max_depth': None, 'min_samples_split': 2, 'n_estimators': 100}
ūüďä MAE cŠĽßa Challenger Model: 2.9133 TŠĽ∑ VNńź
ūü•ä ńźang so s√°nh... Champion MAE: 3.0464 vs Challenger MAE: 2.9133
ūüŹÜ Challenger chiŠļŅn thŠļĮng! CŠļ≠p nhŠļ≠t m√ī h√¨nh mŠĽõi v√†o hŠĽá thŠĽĎng.
ūüíĺ ńź√£ l∆įu tŠļ°i: D:\Python\realtime_estimate_tracker\data\house_price_model.pkl
[main d8d8c48] Auto-update: Tue 02/24/2026 12:03:55.27
 3 files changed, 3588 insertions(+), 1100 deletions(-)
To https://github.com/Alexus143/hanoi-house-price-prediction.git
   b252a5c..d8d8c48  main -> main
